<?xml version="1.0" encoding="UTF-8"?>
<!-- Generated by org.testng.reporters.JUnitXMLReporter -->
<testsuite hostname="computers-MBP.modem.local" ignored="0" name="Main Test" tests="6" failures="0" timestamp="2022-10-10T23:27:56 EET" time="11.156" errors="0">
  <testcase name="createCountry" time="4.722" classname="Campus.CountryTest"/>
  <testcase name="createCountryNegative" time="0.512" classname="Campus.CountryTest"/>
  <testcase name="updateCountry" time="0.541" classname="Campus.CountryTest"/>
  <testcase name="deleteCountryById" time="0.39" classname="Campus.CountryTest"/>
  <testcase name="deleteCountryByIdNegative" time="0.392" classname="Campus.CountryTest"/>
  <testcase name="updateCountryNegative" time="0.352" classname="Campus.CountryTest"/>
</testsuite> <!-- Main Test -->
