<?xml version="1.0" encoding="UTF-8"?>
<testng-results skipped="0" failed="0" ignored="0" total="6" passed="6">
  <reporter-output>
  </reporter-output>
  <suite name="All Test Suite" duration-ms="9663" started-at="2022-10-11T12:15:07 EET" finished-at="2022-10-11T12:15:17 EET">
    <groups>
    </groups>
    <test name="Main test" duration-ms="9663" started-at="2022-10-11T12:15:07 EET" finished-at="2022-10-11T12:15:17 EET">
      <class name="Campus.CountryTest">
        <test-method status="PASS" signature="loginCampus()[pri:0, instance:Campus.CountryTest@13deb50e]" name="loginCampus" is-config="true" duration-ms="3868" started-at="2022-10-11T12:15:07 EET" finished-at="2022-10-11T12:15:11 EET">
          <reporter-output>
          </reporter-output>
        </test-method> <!-- loginCampus -->
        <test-method status="PASS" signature="createCountry()[pri:0, instance:Campus.CountryTest@13deb50e]" name="createCountry" duration-ms="1572" started-at="2022-10-11T12:15:11 EET" finished-at="2022-10-11T12:15:12 EET">
          <reporter-output>
          </reporter-output>
        </test-method> <!-- createCountry -->
        <test-method status="PASS" signature="createCountryNegative()[pri:0, instance:Campus.CountryTest@13deb50e]" name="createCountryNegative" duration-ms="499" started-at="2022-10-11T12:15:12 EET" depends-on-methods="Campus.CountryTest.createCountry" finished-at="2022-10-11T12:15:13 EET">
          <reporter-output>
          </reporter-output>
        </test-method> <!-- createCountryNegative -->
        <test-method status="PASS" signature="updateCountry()[pri:0, instance:Campus.CountryTest@13deb50e]" name="updateCountry" duration-ms="478" started-at="2022-10-11T12:15:13 EET" depends-on-methods="Campus.CountryTest.createCountry" finished-at="2022-10-11T12:15:13 EET">
          <reporter-output>
          </reporter-output>
        </test-method> <!-- updateCountry -->
        <test-method status="PASS" signature="deleteCountryById()[pri:0, instance:Campus.CountryTest@13deb50e]" name="deleteCountryById" duration-ms="396" started-at="2022-10-11T12:15:13 EET" depends-on-methods="Campus.CountryTest.updateCountry" finished-at="2022-10-11T12:15:14 EET">
          <reporter-output>
          </reporter-output>
        </test-method> <!-- deleteCountryById -->
        <test-method status="PASS" signature="deleteCountryByIdNegative()[pri:0, instance:Campus.CountryTest@13deb50e]" name="deleteCountryByIdNegative" duration-ms="369" started-at="2022-10-11T12:15:14 EET" depends-on-methods="Campus.CountryTest.deleteCountryById" finished-at="2022-10-11T12:15:14 EET">
          <reporter-output>
          </reporter-output>
        </test-method> <!-- deleteCountryByIdNegative -->
        <test-method status="PASS" signature="updateCountryNegative()[pri:0, instance:Campus.CountryTest@13deb50e]" name="updateCountryNegative" duration-ms="2431" started-at="2022-10-11T12:15:14 EET" depends-on-methods="Campus.CountryTest.deleteCountryById" finished-at="2022-10-11T12:15:17 EET">
          <reporter-output>
          </reporter-output>
        </test-method> <!-- updateCountryNegative -->
      </class> <!-- Campus.CountryTest -->
    </test> <!-- Main test -->
  </suite> <!-- All Test Suite -->
</testng-results>
