<?xml version="1.0" encoding="UTF-8"?>
<testsuite xmlns:xsi="http://www.w3.org/2001/XMLSchema-instance" xsi:noNamespaceSchemaLocation="https://maven.apache.org/surefire/maven-surefire-plugin/xsd/surefire-test-report.xsd" name="TestSuite" time="11.655" tests="6" errors="0" skipped="0" failures="0">
  <properties>
[...]
</properties>
  <testcase name="createCountry" classname="Campus.CountryTest" time="4.726"/>
  <testcase name="createCountryNegative" classname="Campus.CountryTest" time="0.512"/>
  <testcase name="updateCountry" classname="Campus.CountryTest" time="0.541"/>
  <testcase name="deleteCountryById" classname="Campus.CountryTest" time="0.39"/>
  <testcase name="deleteCountryByIdNegative" classname="Campus.CountryTest" time="0.393"/>
  <testcase name="updateCountryNegative" classname="Campus.CountryTest" time="0.353"/>
</testsuite>