<?xml version="1.0" encoding="UTF-8"?>
<testng-results skipped="0" failed="0" ignored="0" total="6" passed="6">
  <reporter-output>
  </reporter-output>
  <suite name="Jenkins All Test Suite" duration-ms="11156" started-at="2022-10-10T23:27:44 EET" finished-at="2022-10-10T23:27:55 EET">
    <groups>
    </groups>
    <test name="Main Test" duration-ms="11156" started-at="2022-10-10T23:27:44 EET" finished-at="2022-10-10T23:27:55 EET">
      <class name="Campus.CountryTest">
        <test-method status="PASS" signature="loginCampus()[pri:0, instance:Campus.CountryTest@13deb50e]" name="loginCampus" is-config="true" duration-ms="4182" started-at="2022-10-10T23:27:44 EET" finished-at="2022-10-10T23:27:49 EET">
          <reporter-output>
          </reporter-output>
        </test-method> <!-- loginCampus -->
        <test-method status="PASS" signature="createCountry()[pri:0, instance:Campus.CountryTest@13deb50e]" name="createCountry" duration-ms="4722" started-at="2022-10-10T23:27:49 EET" finished-at="2022-10-10T23:27:53 EET">
          <reporter-output>
          </reporter-output>
        </test-method> <!-- createCountry -->
        <test-method status="PASS" signature="createCountryNegative()[pri:0, instance:Campus.CountryTest@13deb50e]" name="createCountryNegative" duration-ms="512" started-at="2022-10-10T23:27:53 EET" depends-on-methods="Campus.CountryTest.createCountry" finished-at="2022-10-10T23:27:54 EET">
          <reporter-output>
          </reporter-output>
        </test-method> <!-- createCountryNegative -->
        <test-method status="PASS" signature="updateCountry()[pri:0, instance:Campus.CountryTest@13deb50e]" name="updateCountry" duration-ms="541" started-at="2022-10-10T23:27:54 EET" depends-on-methods="Campus.CountryTest.createCountry" finished-at="2022-10-10T23:27:54 EET">
          <reporter-output>
          </reporter-output>
        </test-method> <!-- updateCountry -->
        <test-method status="PASS" signature="deleteCountryById()[pri:0, instance:Campus.CountryTest@13deb50e]" name="deleteCountryById" duration-ms="390" started-at="2022-10-10T23:27:54 EET" depends-on-methods="Campus.CountryTest.updateCountry" finished-at="2022-10-10T23:27:55 EET">
          <reporter-output>
          </reporter-output>
        </test-method> <!-- deleteCountryById -->
        <test-method status="PASS" signature="deleteCountryByIdNegative()[pri:0, instance:Campus.CountryTest@13deb50e]" name="deleteCountryByIdNegative" duration-ms="392" started-at="2022-10-10T23:27:55 EET" depends-on-methods="Campus.CountryTest.deleteCountryById" finished-at="2022-10-10T23:27:55 EET">
          <reporter-output>
          </reporter-output>
        </test-method> <!-- deleteCountryByIdNegative -->
        <test-method status="PASS" signature="updateCountryNegative()[pri:0, instance:Campus.CountryTest@13deb50e]" name="updateCountryNegative" duration-ms="352" started-at="2022-10-10T23:27:55 EET" depends-on-methods="Campus.CountryTest.deleteCountryById" finished-at="2022-10-10T23:27:55 EET">
          <reporter-output>
          </reporter-output>
        </test-method> <!-- updateCountryNegative -->
      </class> <!-- Campus.CountryTest -->
    </test> <!-- Main Test -->
  </suite> <!-- Jenkins All Test Suite -->
</testng-results>
