<?xml version="1.0" encoding="UTF-8"?>
<!-- Generated by org.testng.reporters.JUnitXMLReporter -->
<testsuite hostname="computers-MBP.modem.local" ignored="0" name="Main test" tests="6" failures="0" timestamp="2022-10-11T12:15:17 EET" time="9.663" errors="0">
  <testcase name="createCountry" time="1.572" classname="Campus.CountryTest"/>
  <testcase name="createCountryNegative" time="0.499" classname="Campus.CountryTest"/>
  <testcase name="updateCountry" time="0.478" classname="Campus.CountryTest"/>
  <testcase name="deleteCountryById" time="0.396" classname="Campus.CountryTest"/>
  <testcase name="deleteCountryByIdNegative" time="0.369" classname="Campus.CountryTest"/>
  <testcase name="updateCountryNegative" time="2.431" classname="Campus.CountryTest"/>
</testsuite> <!-- Main test -->
